2025-04-22 08:34:41,174 - INFO - 用户 jqLu 在 2025-04-22 16:34:00+00:00 编辑了项目 BPR-309中ID为 541225 的序列 ，修改内容为: 
Remarks:  → test
========================================================================

2025-04-22 08:34:56,712 - INFO - 用户 jqLu 在 2025-04-22 16:34:00+00:00 编辑了项目 BPR-309中ID为 541225 的序列 ，修改内容为: 
Remarks: test → 
========================================================================

2025-04-22 08:52:42,674 - INFO - 用户 jqLu 在 2025-04-22 16:52:00+00:00 编辑了项目 BPR-309中ID为 541225 的序列 ，修改内容为: 
Remarks:  → 123
========================================================================

2025-04-22 08:55:57,363 - WARNING - Not Found: /favicon.ico
2025-04-22 08:57:47,819 - INFO - 用户 jqLu 在 2025-04-22 16:57:00+00:00 编辑了项目 BPR-309中ID为 541225 的序列 ，修改内容为: 
Remarks: 123 → 123，234
========================================================================

2025-04-22 08:58:09,859 - INFO - 用户 jqLu 在 2025-04-22 16:58:00+00:00 编辑了项目 BPR-309中ID为 541225 的序列 ，修改内容为: 
Remarks: 123，234 → 
========================================================================

2025-04-22 09:16:37,644 - INFO - 用户 jqLu 在 2025-04-22 17:16:00+00:00 编辑了项目 BPR-309中ID为 541225 的序列 ，修改内容为: 
Remarks:  → 123
========================================================================

2025-04-22 09:16:45,266 - INFO - 用户 jqLu 在 2025-04-22 17:16:00+00:00 编辑了项目 BPR-309中ID为 541225 的序列 ，修改内容为: 
Remarks: 123 → 
========================================================================

2025-04-22 09:25:28,355 - INFO - 用户 sjchen 在 2025-04-22 17:25:00+00:00 编辑了项目 BPR-3M01中ID为 820141 的序列 ，修改内容为: 
Remarks: AS11 → AS11，AS12
========================================================================

2025-04-22 09:35:00,959 - WARNING - Not Found: /bootstrap/js/bootstrap.min.js
2025-04-22 09:35:00,967 - WARNING - Not Found: /js/custom.js
2025-04-22 09:47:18,973 - INFO - 用户 sjchen 在 2025-04-22 17:47:00+00:00 编辑了项目 BPR-3M01中ID为 588935 的序列 ，修改内容为: 
Remarks: S11;S13 → S11123
========================================================================

2025-04-22 09:51:44,171 - WARNING - Not Found: /bootstrap/js/bootstrap.min.js
2025-04-22 09:51:44,173 - WARNING - Not Found: /js/custom.js
